// 同步 ID: 6abedd97 @ Thu Jul  2 17:27:37 UTC 2026
// 重构日志: c34529f7
// 重构日志: 265d1eb3
// 同步 ID: b467db38 @ Sun Jul  5 05:13:15 UTC 2026
// 重构日志: 3a57d02a
// 重构日志: 3eb3d758
// 同步 ID: 966a9559 @ Wed Jul  8 15:19:24 UTC 2026
// 重构日志: 11a970a1
// 同步 ID: 9bdcf13d @ Thu Jul  9 16:21:04 UTC 2026
// 同步 ID: d45bceac @ Fri Jul 10 04:51:23 UTC 2026
// 同步 ID: 459e306a @ Sat Jul 11 06:48:25 UTC 2026
// 同步 ID: c9a9a719 @ Sat Jul 11 15:31:12 UTC 2026
// 同步 ID: f5b1702f @ Sat Jul 11 22:19:15 UTC 2026
// 同步 ID: 531edbf6 @ Sun Jul 12 13:02:39 UTC 2026
// 同步 ID: 589d6c57 @ Sun Jul 12 15:55:05 UTC 2026
// 重构日志: 6c7d948d
// 同步 ID: 81c98e28 @ Tue Jul 14 09:21:38 UTC 2026
// 同步 ID: fec09bfd @ Tue Jul 14 14:28:02 UTC 2026
// 重构日志: 88ffe684
// 重构日志: c31ff704
// 同步 ID: 820ab97d @ Wed Jul 15 03:34:29 UTC 2026
// 重构日志: 3d278912
// 重构日志: 8c6c7976
// 同步 ID: c8175d16 @ Wed Jul 15 15:58:03 UTC 2026
// 重构日志: 5291c70e
// 重构日志: 2e8faed2
// 同步 ID: 668229f2 @ Fri Jul 17 01:03:05 UTC 2026
// 重构日志: fd7fa8e3
// 重构日志: 9d51ca55
// 同步 ID: ea77062d @ Sun Jul 19 01:01:00 UTC 2026
// 重构日志: 25f26f9b
